2025-05-02 11:20:00,436 - WARNING - mapping.py - process_sql_files - 80 - Empty DataFrame for SQL file: user_counsel_data.sql
2025-05-02 11:20:00,442 - WARNING - mapping.py - process_sql_files - 80 - Empty DataFrame for SQL file: user_insurance_data.sql
2025-05-02 11:20:00,462 - WARNING - mapping.py - process_sql_files - 80 - Empty DataFrame for SQL file: user_tab10_data.sql
2025-05-02 11:20:00,519 - WARNING - mapping.py - process_sql_files - 80 - Empty DataFrame for SQL file: user_tab9_data.sql
2025-05-02 11:20:00,532 - WARNING - mapping.py - process_sql_files - 80 - Empty DataFrame for SQL file: user_value_data.sql
2025-05-02 11:20:01,030 - INFO - mapping.py - save_to_excel - 56 - Excel file saved successfully to: D:\kurt-young\kurt-young Data Mapping.xlsx
2025-05-02 11:20:01,035 - INFO - mapping.py - main - 123 - Saved results to D:\kurt-young\kurt-young Data Mapping.xlsx
2025-05-02 11:50:36,332 - WARNING - map.py - process_sql_files - 80 - Empty DataFrame for SQL file: user_counsel_data.sql
2025-05-02 11:50:36,338 - WARNING - map.py - process_sql_files - 80 - Empty DataFrame for SQL file: user_insurance_data.sql
2025-05-02 11:50:36,350 - WARNING - map.py - process_sql_files - 80 - Empty DataFrame for SQL file: user_tab10_data.sql
2025-05-02 11:50:36,425 - WARNING - map.py - process_sql_files - 80 - Empty DataFrame for SQL file: user_tab9_data.sql
2025-05-02 11:50:36,442 - WARNING - map.py - process_sql_files - 80 - Empty DataFrame for SQL file: user_value_data.sql
2025-05-02 11:50:36,912 - INFO - map.py - save_to_excel - 56 - Excel file saved successfully to: D:\kurt-young\kurt-young Data Mapping.xlsx
2025-05-02 11:50:36,914 - INFO - map.py - main - 123 - Saved results to D:\kurt-young\kurt-young Data Mapping.xlsx
2025-05-12 10:40:54,498 - INFO - map.py - map - 119 - Execution skipped for None.
2025-05-12 10:41:14,710 - ERROR - map.py - execute_query - 43 - Error executing query: (pyodbc.ProgrammingError) ('42000', "[42000] [Microsoft][ODBC Driver 17 for SQL Server][SQL Server]Incorrect syntax near '<<'. (102) (SQLExecDirectW); [42000] [Microsoft][ODBC Driver 17 for SQL Server][SQL Server]Incorrect syntax near '<<'. (102); [42000] [Microsoft][ODBC Driver 17 for SQL Server][SQL Server]Incorrect syntax near '='. (102)")
[SQL: SELECT
<<<<<<< HEAD
      m.matcode AS case_type,
=======
    m.matcode AS case_type,
>>>>>>> d7f79dc97274c70cc19edf75cc36bfad72783475
    m.header,
    m.description,
    m.active,
    c.[count] as case_count,
<<<<<<< HEAD
    m.case_tab_title,
	m.party_tab_title,
	CASE WHEN show_value_tab = 'Y' THEN m.value_tab_title ELSE 'N/A' END AS Value_Tab,
=======
    CASE WHEN show_value_tab = 'Y' THEN m.value_tab_title ELSE 'N/A' END AS Value_Tab,
>>>>>>> d7f79dc97274c70cc19edf75cc36bfad72783475
    CASE WHEN show_insurance_tab = 'Y' THEN m.insurance_tab_title ELSE 'N/A' END AS Insurance_Tab,
    CASE WHEN show_negotiation_tab = 'Y' THEN m.negotiation_tab_title ELSE 'N/A' END AS Negotiation_Tab,
    CASE WHEN show_counsel_tab = 'Y' THEN m.counsel_tab_title ELSE 'N/A' END AS Counsel_Tab,
    CASE WHEN show_police_tab = 'Y' THEN m.police_tab_title ELSE 'N/A' END AS Police_Tab,
    CASE WHEN show_document_tab = 'Y' THEN m.documents_tab_title ELSE 'N/A' END AS Documents_Tab,
    CASE WHEN show_status_tab = 'Y' THEN m.status_title ELSE 'N/A' END AS Status_Tab,
    CASE WHEN show_crm_tab = 'Y' THEN m.crm_title ELSE 'N/A' END AS CRM_Tab,
    CASE WHEN show_time_tab = 'Y' then m.time_tab_title ELSE 'N/A' END AS Time_Tab,
<<<<<<< HEAD
	CASE WHEN show_user_tab = 'Y' THEN tab_title ELSE 'N/A' END AS user_tab1_title,
    CASE WHEN show_user_tab2 = 'Y' THEN tab2_title ELSE 'N/A' END AS user_tab2_title,
    CASE WHEN show_user_tab3 = 'Y' THEN tab3_title  ELSE 'N/A' END AS user_tab3_title,
    CASE WHEN show_user_tab4 = 'Y' THEN tab4_title  ELSE 'N/A' END AS user_tab4_title,
    CASE WHEN show_user_tab5 = 'Y' THEN tab5_title  ELSE 'N/A' END AS user_tab5_title,
    CASE WHEN show_user_tab6 = 'Y' THEN tab6_title  ELSE 'N/A' END AS user_tab6_title,
    CASE WHEN show_user_tab7 = 'Y' THEN tab7_title  ELSE 'N/A' END AS user_tab7_title,
    CASE WHEN show_user_tab8 = 'Y' THEN tab8_title  ELSE 'N/A' END AS user_tab8_title,
    CASE WHEN show_user_tab9 = 'Y' THEN tab9_title  ELSE 'N/A' END AS user_tab9_title,
    CASE WHEN show_user_tab10 = 'Y' THEN tab10_title else 'N/A' END AS user_tab10_title
FROM kurtyoung_needles..matter m
=======
	CASE WHEN show_user_tab = 'Y' THEN tab_title ELSE 'N/A' END AS user_tab_1,
    CASE WHEN show_user_tab2 = 'Y' THEN tab2_title ELSE 'N/A' END AS user_tab_2,
    CASE WHEN show_user_tab3 = 'Y' THEN tab3_title  ELSE 'N/A' END AS user_tab_3,
    CASE WHEN show_user_tab4 = 'Y' THEN tab4_title  ELSE 'N/A' END AS user_tab_4,
    CASE WHEN show_user_tab5 = 'Y' THEN tab5_title  ELSE 'N/A' END AS user_tab_5,
    CASE WHEN show_user_tab6 = 'Y' THEN tab6_title  ELSE 'N/A' END AS user_tab_6,
    CASE WHEN show_user_tab7 = 'Y' THEN tab7_title  ELSE 'N/A' END AS user_tab_7,
    CASE WHEN show_user_tab8 = 'Y' THEN tab8_title  ELSE 'N/A' END AS user_tab_8,
    CASE WHEN show_user_tab9 = 'Y' THEN tab9_title  ELSE 'N/A' END AS user_tab_9,
    CASE WHEN show_user_tab10 = 'Y' THEN tab10_title else 'N/A' END AS user_tab_10
FROM [Needles]..matter m
>>>>>>> d7f79dc97274c70cc19edf75cc36bfad72783475
INNER JOIN (
    SELECT
        ci.matcode,
        COUNT(*) AS [count]
<<<<<<< HEAD
    FROM kurtyoung_needles..cases_indexed ci
    GROUP BY ci.matcode
) c
    ON m.matcode = c.matcode
ORDER BY m.matcode;

SELECT * FROM KurtYoung_Needles..user_tab10_data utd
SELECT * FROM KurtYoung_Needles..user_tab_data utd
=======
    FROM [Needles]..cases_indexed ci
    GROUP BY ci.matcode
) c
    ON m.matcode = c.matcode
ORDER BY m.matcode;
>>>>>>> d7f79dc97274c70cc19edf75cc36bfad72783475]
(Background on this error at: https://sqlalche.me/e/20/f405)
2025-05-12 10:41:14,719 - WARNING - map.py - process_sql_files - 107 - Empty DataFrame for SQL file: Case Types.sql
2025-05-12 10:41:14,727 - ERROR - map.py - execute_query - 43 - Error executing query: (pyodbc.ProgrammingError) ('42000', "[42000] [Microsoft][ODBC Driver 17 for SQL Server][SQL Server]Incorrect syntax near '<<'. (102) (SQLExecDirectW); [42000] [Microsoft][ODBC Driver 17 for SQL Server][SQL Server]Incorrect syntax near the keyword 'ORDER'. (156); [42000] [Microsoft][ODBC Driver 17 for SQL Server][SQL Server]Incorrect syntax near the keyword 'ORDER'. (156); [42000] [Microsoft][ODBC Driver 17 for SQL Server][SQL Server]Incorrect syntax near the keyword 'ORDER'. (156); [42000] [Microsoft][ODBC Driver 17 for SQL Server][SQL Server]Incorrect syntax near the keyword 'ORDER'. (156); [42000] [Microsoft][ODBC Driver 17 for SQL Server][SQL Server]Incorrect syntax near the keyword 'ORDER'. (156); [42000] [Microsoft][ODBC Driver 17 for SQL Server][SQL Server]Incorrect syntax near the keyword 'ORDER'. (156); [42000] [Microsoft][ODBC Driver 17 for SQL Server][SQL Server]Incorrect syntax near the keyword 'ORDER'. (156); [42000] [Microsoft][ODBC Driver 17 for SQL Server][SQL Server]Incorrect syntax near the keyword 'ORDER'. (156); [42000] [Microsoft][ODBC Driver 17 for SQL Server][SQL Server]Incorrect syntax near the keyword 'ORDER'. (156); [42000] [Microsoft][ODBC Driver 17 for SQL Server][SQL Server]Incorrect syntax near the keyword 'ORDER'. (156); [42000] [Microsoft][ODBC Driver 17 for SQL Server][SQL Server]Incorrect syntax near the keyword 'ORDER'. (156); [42000] [Microsoft][ODBC Driver 17 for SQL Server][SQL Server]Incorrect syntax near the keyword 'ORDER'. (156); [42000] [Microsoft][ODBC Driver 17 for SQL Server][SQL Server]Incorrect syntax near the keyword 'ORDER'. (156); [42000] [Microsoft][ODBC Driver 17 for SQL Server][SQL Server]Incorrect syntax near the keyword 'ORDER'. (156); [42000] [Microsoft][ODBC Driver 17 for SQL Server][SQL Server]Incorrect syntax near the keyword 'ORDER'. (156); [42000] [Microsoft][ODBC Driver 17 for SQL Server][SQL Server]Incorrect syntax near the keyword 'ORDER'. (156); [42000] [Microsoft][ODBC Driver 17 for SQL Server][SQL Server]Incorrect syntax near the keyword 'ORDER'. (156); [42000] [Microsoft][ODBC Driver 17 for SQL Server][SQL Server]Incorrect syntax near the keyword 'ORDER'. (156); [42000] [Microsoft][ODBC Driver 17 for SQL Server][SQL Server]Incorrect syntax near the keyword 'ORDER'. (156); [42000] [Microsoft][ODBC Driver 17 for SQL Server][SQL Server]Incorrect syntax near the keyword 'ORDER'. (156)")
[SQL: SELECT
<<<<<<< HEAD
    (SELECT TOP 1 WITH TIES staff_1 FROM [KurtYoung_Needles]..cases WHERE staff_1 <> '' GROUP BY staff_1 ORDER BY COUNT(*) DESC) AS staff_1,
    (SELECT TOP 1 WITH TIES staff_2 FROM [KurtYoung_Needles]..cases WHERE staff_2 <> '' GROUP BY staff_2 ORDER BY COUNT(*) DESC) AS staff_2,
    (SELECT TOP 1 WITH TIES staff_3 FROM [KurtYoung_Needles]..cases WHERE staff_3 <> '' GROUP BY staff_3 ORDER BY COUNT(*) DESC) AS staff_3,
    (SELECT TOP 1 WITH TIES staff_4 FROM [KurtYoung_Needles]..cases WHERE staff_4 <> '' GROUP BY staff_4 ORDER BY COUNT(*) DESC) AS staff_4,
    (SELECT TOP 1 WITH TIES staff_5 FROM [KurtYoung_Needles]..cases WHERE staff_5 <> '' GROUP BY staff_5 ORDER BY COUNT(*) DESC) AS staff_5,
    (SELECT TOP 1 WITH TIES staff_6 FROM [KurtYoung_Needles]..cases WHERE staff_6 <> '' GROUP BY staff_6 ORDER BY COUNT(*) DESC) AS staff_6,
    (SELECT TOP 1 WITH TIES staff_7 FROM [KurtYoung_Needles]..cases WHERE staff_7 <> '' GROUP BY staff_7 ORDER BY COUNT(*) DESC) AS staff_7,
    (SELECT TOP 1 WITH TIES staff_8 FROM [KurtYoung_Needles]..cases WHERE staff_8 <> '' GROUP BY staff_8 ORDER BY COUNT(*) DESC) AS staff_8,
    (SELECT TOP 1 WITH TIES staff_9 FROM [KurtYoung_Needles]..cases WHERE staff_9 <> '' GROUP BY staff_9 ORDER BY COUNT(*) DESC) AS staff_9,
    (SELECT TOP 1 WITH TIES staff_10 FROM [KurtYoung_Needles]..cases WHERE staff_10 <> '' GROUP BY staff_10 ORDER BY COUNT(*) DESC) AS staff_10;
=======
    (SELECT TOP 1 WITH TIES staff_1 FROM [Needles]..cases WHERE staff_1 <> '' GROUP BY staff_1 ORDER BY COUNT(*) DESC) AS staff_1,
    (SELECT TOP 1 WITH TIES staff_2 FROM [Needles]..cases WHERE staff_2 <> '' GROUP BY staff_2 ORDER BY COUNT(*) DESC) AS staff_2,
    (SELECT TOP 1 WITH TIES staff_3 FROM [Needles]..cases WHERE staff_3 <> '' GROUP BY staff_3 ORDER BY COUNT(*) DESC) AS staff_3,
    (SELECT TOP 1 WITH TIES staff_4 FROM [Needles]..cases WHERE staff_4 <> '' GROUP BY staff_4 ORDER BY COUNT(*) DESC) AS staff_4,
    (SELECT TOP 1 WITH TIES staff_5 FROM [Needles]..cases WHERE staff_5 <> '' GROUP BY staff_5 ORDER BY COUNT(*) DESC) AS staff_5,
    (SELECT TOP 1 WITH TIES staff_6 FROM [Needles]..cases WHERE staff_6 <> '' GROUP BY staff_6 ORDER BY COUNT(*) DESC) AS staff_6,
    (SELECT TOP 1 WITH TIES staff_7 FROM [Needles]..cases WHERE staff_7 <> '' GROUP BY staff_7 ORDER BY COUNT(*) DESC) AS staff_7,
    (SELECT TOP 1 WITH TIES staff_8 FROM [Needles]..cases WHERE staff_8 <> '' GROUP BY staff_8 ORDER BY COUNT(*) DESC) AS staff_8,
    (SELECT TOP 1 WITH TIES staff_9 FROM [Needles]..cases WHERE staff_9 <> '' GROUP BY staff_9 ORDER BY COUNT(*) DESC) AS staff_9,
    (SELECT TOP 1 WITH TIES staff_10 FROM [Needles]..cases WHERE staff_10 <> '' GROUP BY staff_10 ORDER BY COUNT(*) DESC) AS staff_10;
>>>>>>> d7f79dc97274c70cc19edf75cc36bfad72783475]
(Background on this error at: https://sqlalche.me/e/20/f405)
2025-05-12 10:41:14,728 - WARNING - map.py - process_sql_files - 107 - Empty DataFrame for SQL file: Case Staff.sql
2025-05-12 10:41:14,732 - ERROR - map.py - execute_query - 43 - Error executing query: (pyodbc.ProgrammingError) ('42000', "[42000] [Microsoft][ODBC Driver 17 for SQL Server][SQL Server]Incorrect syntax near '<<'. (102) (SQLExecDirectW)")
[SQL: SELECT
	[role]
   ,COUNT(*) AS Count
<<<<<<< HEAD
FROM [KurtYoung_Needles]..party_Indexed
=======
FROM [Needles]..party_Indexed
>>>>>>> d7f79dc97274c70cc19edf75cc36bfad72783475
WHERE ISNULL([role], '') <> ''
GROUP BY [role]]
(Background on this error at: https://sqlalche.me/e/20/f405)
2025-05-12 10:41:14,732 - WARNING - map.py - process_sql_files - 107 - Empty DataFrame for SQL file: Party Roles.sql
2025-05-12 10:41:14,736 - ERROR - map.py - execute_query - 43 - Error executing query: (pyodbc.ProgrammingError) ('42000', "[42000] [Microsoft][ODBC Driver 17 for SQL Server][SQL Server]Incorrect syntax near '<<'. (102) (SQLExecDirectW)")
[SQL: SELECT
	code,
	description,
	c_d,
	dtf
<<<<<<< HEAD
FROM [KurtYoung_Needles]..value_code
=======
FROM [Needles]..value_code
>>>>>>> d7f79dc97274c70cc19edf75cc36bfad72783475]
(Background on this error at: https://sqlalche.me/e/20/f405)
2025-05-12 10:41:14,737 - WARNING - map.py - process_sql_files - 107 - Empty DataFrame for SQL file: Value Codes.sql
2025-05-12 10:41:14,774 - WARNING - map.py - process_sql_files - 107 - Empty DataFrame for SQL file: user_counsel_data.sql
2025-05-12 10:41:14,779 - WARNING - map.py - process_sql_files - 107 - Empty DataFrame for SQL file: user_insurance_data.sql
2025-05-12 10:41:14,809 - WARNING - map.py - process_sql_files - 107 - Empty DataFrame for SQL file: user_tab10_data.sql
2025-05-12 10:41:14,898 - WARNING - map.py - process_sql_files - 107 - Empty DataFrame for SQL file: user_tab9_data.sql
2025-05-12 10:41:14,921 - WARNING - map.py - process_sql_files - 107 - Empty DataFrame for SQL file: user_value_data.sql
2025-05-12 10:41:15,854 - INFO - map.py - save_to_excel - 57 - Excel file saved successfully to: D:\kurt-young\kurt-young Data Mapping.xlsx
2025-05-12 10:41:15,857 - INFO - map.py - map - 154 - Saved results to D:\kurt-young\kurt-young Data Mapping.xlsx
2025-05-12 10:42:55,918 - WARNING - map.py - process_sql_files - 107 - Empty DataFrame for SQL file: Negotiation.sql
2025-05-12 10:42:55,939 - WARNING - map.py - process_sql_files - 107 - Empty DataFrame for SQL file: user_counsel_data.sql
2025-05-12 10:42:55,944 - WARNING - map.py - process_sql_files - 107 - Empty DataFrame for SQL file: user_insurance_data.sql
2025-05-12 10:42:55,956 - WARNING - map.py - process_sql_files - 107 - Empty DataFrame for SQL file: user_tab10_data.sql
2025-05-12 10:42:56,007 - WARNING - map.py - process_sql_files - 107 - Empty DataFrame for SQL file: user_tab9_data.sql
2025-05-12 10:42:56,019 - WARNING - map.py - process_sql_files - 107 - Empty DataFrame for SQL file: user_value_data.sql
2025-05-12 10:42:56,544 - INFO - map.py - save_to_excel - 57 - Excel file saved successfully to: D:\kurt-young\kurt-young Data Mapping.xlsx
2025-05-12 10:42:56,546 - INFO - map.py - map - 154 - Saved results to D:\kurt-young\kurt-young Data Mapping.xlsx
