2025-05-02 10:58:55,549 - ERROR - mapping.py - execute_query - 42 - Error executing query: (pyodbc.ProgrammingError) ('42S02', "[42S02] [Microsoft][ODBC Driver 17 for SQL Server][SQL Server]Invalid object name 'Needles..cases'. (208) (SQLExecDirectW)")
[SQL: SELECT DISTINCT
	c.staff_1
   ,c.staff_2
   ,c.staff_3
   ,c.staff_4
   ,c.staff_5
   ,c.staff_6
   ,c.staff_7
   ,c.staff_8
   ,c.staff_9
   ,c.staff_10
FROM [Needles]..cases c]
(Background on this error at: https://sqlalche.me/e/20/f405)
2025-05-02 10:58:55,553 - WARNING - mapping.py - process_sql_files - 80 - Empty DataFrame for SQL file: Case Staff.sql
2025-05-02 10:58:55,556 - ERROR - mapping.py - execute_query - 42 - Error executing query: (pyodbc.ProgrammingError) ('42S02', "[42S02] [Microsoft][ODBC Driver 17 for SQL Server][SQL Server]Invalid object name 'Needles..matter'. (208) (SQLExecDirectW)")
[SQL: SELECT
    m.matcode AS case_type,
    m.header,
    m.description,
    m.active,
    c.[count] as case_count,
    CASE WHEN show_value_tab = 'Y' THEN m.value_tab_title ELSE 'N/A' END AS Value_Tab,
    CASE WHEN show_insurance_tab = 'Y' THEN m.insurance_tab_title ELSE 'N/A' END AS Insurance_Tab,
    CASE WHEN show_negotiation_tab = 'Y' THEN m.negotiation_tab_title ELSE 'N/A' END AS Negotiation_Tab,
    CASE WHEN show_counsel_tab = 'Y' THEN m.counsel_tab_title ELSE 'N/A' END AS Counsel_Tab,
    CASE WHEN show_police_tab = 'Y' THEN m.police_tab_title ELSE 'N/A' END AS Police_Tab,
    CASE WHEN show_document_tab = 'Y' THEN m.documents_tab_title ELSE 'N/A' END AS Documents_Tab,
    CASE WHEN show_status_tab = 'Y' THEN m.status_title ELSE 'N/A' END AS Status_Tab,
    CASE WHEN show_crm_tab = 'Y' THEN m.crm_title ELSE 'N/A' END AS CRM_Tab,
    CASE WHEN show_time_tab = 'Y' then m.time_tab_title ELSE 'N/A' END AS Time_Tab,
	CASE WHEN show_user_tab = 'Y' THEN tab_title ELSE 'N/A' END AS user_tab_1,
    CASE WHEN show_user_tab2 = 'Y' THEN tab2_title ELSE 'N/A' END AS user_tab_2,
    CASE WHEN show_user_tab3 = 'Y' THEN tab3_title  ELSE 'N/A' END AS user_tab_3,
    CASE WHEN show_user_tab4 = 'Y' THEN tab4_title  ELSE 'N/A' END AS user_tab_4,
    CASE WHEN show_user_tab5 = 'Y' THEN tab5_title  ELSE 'N/A' END AS user_tab_5,
    CASE WHEN show_user_tab6 = 'Y' THEN tab6_title  ELSE 'N/A' END AS user_tab_6,
    CASE WHEN show_user_tab7 = 'Y' THEN tab7_title  ELSE 'N/A' END AS user_tab_7,
    CASE WHEN show_user_tab8 = 'Y' THEN tab8_title  ELSE 'N/A' END AS user_tab_8,
    CASE WHEN show_user_tab9 = 'Y' THEN tab9_title  ELSE 'N/A' END AS user_tab_9,
    CASE WHEN show_user_tab10 = 'Y' THEN tab10_title else 'N/A' END AS user_tab_10
FROM [Needles]..matter m
INNER JOIN (
    SELECT
        ci.matcode,
        COUNT(*) AS [count]
    FROM [Needles]..cases_indexed ci
    GROUP BY ci.matcode
) c
    ON m.matcode = c.matcode
ORDER BY m.matcode;]
(Background on this error at: https://sqlalche.me/e/20/f405)
2025-05-02 10:58:55,557 - WARNING - mapping.py - process_sql_files - 80 - Empty DataFrame for SQL file: Case Types.sql
2025-05-02 10:58:55,569 - ERROR - mapping.py - execute_query - 42 - Error executing query: (pyodbc.ProgrammingError) ('42S02', "[42S02] [Microsoft][ODBC Driver 17 for SQL Server][SQL Server]Invalid object name 'Needles..party_Indexed'. (208) (SQLExecDirectW)")
[SQL: SELECT
	[role]
   ,COUNT(*) AS Count
FROM [Needles]..party_Indexed
WHERE ISNULL([role], '') <> ''
GROUP BY [role]]
(Background on this error at: https://sqlalche.me/e/20/f405)
2025-05-02 10:58:55,569 - WARNING - mapping.py - process_sql_files - 80 - Empty DataFrame for SQL file: Party Roles.sql
2025-05-02 10:58:55,596 - WARNING - mapping.py - process_sql_files - 80 - Empty DataFrame for SQL file: user_counsel_data.sql
2025-05-02 10:58:55,602 - WARNING - mapping.py - process_sql_files - 80 - Empty DataFrame for SQL file: user_insurance_data.sql
2025-05-02 10:58:55,618 - WARNING - mapping.py - process_sql_files - 80 - Empty DataFrame for SQL file: user_tab10_data.sql
2025-05-02 10:58:55,703 - WARNING - mapping.py - process_sql_files - 80 - Empty DataFrame for SQL file: user_tab9_data.sql
2025-05-02 10:58:55,714 - WARNING - mapping.py - process_sql_files - 80 - Empty DataFrame for SQL file: user_value_data.sql
2025-05-02 10:58:55,724 - ERROR - mapping.py - execute_query - 42 - Error executing query: (pyodbc.ProgrammingError) ('42S02', "[42S02] [Microsoft][ODBC Driver 17 for SQL Server][SQL Server]Invalid object name 'Needles..value_code'. (208) (SQLExecDirectW)")
[SQL: SELECT
	code,
	description,
	c_d,
	dtf
FROM [Needles]..value_code]
(Background on this error at: https://sqlalche.me/e/20/f405)
2025-05-02 10:58:55,725 - WARNING - mapping.py - process_sql_files - 80 - Empty DataFrame for SQL file: Value Codes.sql
2025-05-02 10:58:56,649 - INFO - mapping.py - save_to_excel - 56 - Excel file saved successfully to: D:\kurt-young\kurt-young Data Mapping.xlsx
2025-05-02 10:58:56,650 - INFO - mapping.py - main - 123 - Saved results to D:\kurt-young\kurt-young Data Mapping.xlsx
